{"contracts\\ResourceContract.sol":{"l":{"38":10,"39":10,"43":10,"49":13,"56":13,"62":1,"63":1,"64":1,"71":1,"72":1,"73":1,"79":1,"80":1,"81":1,"88":5,"89":5,"90":5,"91":5,"92":5,"93":5,"94":5,"95":5,"96":5,"98":5,"106":5,"107":5,"108":5,"109":5,"115":4,"116":4},"path":"C:\\Users\\riley\\OneDrive\\Desktop\\BlockChain Project\\ProjectFolder\\contracts\\ResourceContract.sol","s":{"1":10,"2":10,"3":10,"4":13,"5":13,"6":1,"7":1,"8":1,"9":1,"10":1,"11":1,"12":1,"13":1,"14":1,"15":5,"16":5,"17":5,"18":5,"19":5,"20":5,"21":5,"22":5,"23":5,"24":5,"25":5,"26":5,"27":5,"28":5,"29":4,"30":4},"b":{"1":[10,0],"2":[1,0],"3":[1,0],"4":[1,0],"5":[1,0],"6":[1,0],"7":[1,0],"8":[5,0],"9":[5,0],"10":[5,0],"11":[5,0],"12":[5,0],"13":[5,0],"14":[5,0],"15":[4,0]},"f":{"1":10,"2":13,"3":1,"4":1,"5":1,"6":5,"7":4},"fnMap":{"1":{"name":"joinMarket","line":36,"loc":{"start":{"line":36,"column":4},"end":{"line":44,"column":4}}},"2":{"name":"addListing","line":47,"loc":{"start":{"line":47,"column":4},"end":{"line":57,"column":4}}},"3":{"name":"getListing","line":60,"loc":{"start":{"line":60,"column":4},"end":{"line":66,"column":4}}},"4":{"name":"getPrice","line":69,"loc":{"start":{"line":69,"column":4},"end":{"line":74,"column":4}}},"5":{"name":"getQuantity","line":77,"loc":{"start":{"line":77,"column":4},"end":{"line":82,"column":4}}},"6":{"name":"purchaseResource","line":86,"loc":{"start":{"line":86,"column":4},"end":{"line":110,"column":4}}},"7":{"name":"retrieveWaybill","line":113,"loc":{"start":{"line":113,"column":4},"end":{"line":117,"column":4}}}},"statementMap":{"1":{"start":{"line":38,"column":8},"end":{"line":38,"column":56}},"2":{"start":{"line":39,"column":8},"end":{"line":39,"column":1384}},"3":{"start":{"line":43,"column":8},"end":{"line":43,"column":37}},"4":{"start":{"line":49,"column":8},"end":{"line":49,"column":1823}},"5":{"start":{"line":56,"column":12},"end":{"line":56,"column":40}},"6":{"start":{"line":62,"column":8},"end":{"line":62,"column":72}},"7":{"start":{"line":63,"column":8},"end":{"line":63,"column":63}},"8":{"start":{"line":64,"column":8},"end":{"line":64,"column":30}},"9":{"start":{"line":71,"column":8},"end":{"line":71,"column":72}},"10":{"start":{"line":72,"column":8},"end":{"line":72,"column":63}},"11":{"start":{"line":73,"column":8},"end":{"line":73,"column":44}},"12":{"start":{"line":79,"column":8},"end":{"line":79,"column":72}},"13":{"start":{"line":80,"column":8},"end":{"line":80,"column":63}},"14":{"start":{"line":81,"column":8},"end":{"line":81,"column":43}},"15":{"start":{"line":88,"column":8},"end":{"line":88,"column":79}},"16":{"start":{"line":89,"column":8},"end":{"line":89,"column":48}},"17":{"start":{"line":90,"column":8},"end":{"line":90,"column":74}},"18":{"start":{"line":91,"column":8},"end":{"line":91,"column":75}},"19":{"start":{"line":92,"column":8},"end":{"line":92,"column":90}},"20":{"start":{"line":93,"column":8},"end":{"line":93,"column":67}},"21":{"start":{"line":94,"column":8},"end":{"line":94,"column":79}},"22":{"start":{"line":95,"column":8},"end":{"line":95,"column":88}},"23":{"start":{"line":96,"column":8},"end":{"line":96,"column":114}},"24":{"start":{"line":98,"column":8},"end":{"line":98,"column":4053}},"25":{"start":{"line":106,"column":8},"end":{"line":106,"column":70}},"26":{"start":{"line":107,"column":8},"end":{"line":107,"column":98}},"27":{"start":{"line":108,"column":8},"end":{"line":108,"column":90}},"28":{"start":{"line":109,"column":8},"end":{"line":109,"column":41}},"29":{"start":{"line":115,"column":8},"end":{"line":115,"column":82}},"30":{"start":{"line":116,"column":8},"end":{"line":116,"column":35}}},"branchMap":{"1":{"line":38,"type":"if","locations":[{"start":{"line":38,"column":8},"end":{"line":38,"column":8}},{"start":{"line":38,"column":8},"end":{"line":38,"column":8}}]},"2":{"line":62,"type":"if","locations":[{"start":{"line":62,"column":8},"end":{"line":62,"column":8}},{"start":{"line":62,"column":8},"end":{"line":62,"column":8}}]},"3":{"line":63,"type":"if","locations":[{"start":{"line":63,"column":8},"end":{"line":63,"column":8}},{"start":{"line":63,"column":8},"end":{"line":63,"column":8}}]},"4":{"line":71,"type":"if","locations":[{"start":{"line":71,"column":8},"end":{"line":71,"column":8}},{"start":{"line":71,"column":8},"end":{"line":71,"column":8}}]},"5":{"line":72,"type":"if","locations":[{"start":{"line":72,"column":8},"end":{"line":72,"column":8}},{"start":{"line":72,"column":8},"end":{"line":72,"column":8}}]},"6":{"line":79,"type":"if","locations":[{"start":{"line":79,"column":8},"end":{"line":79,"column":8}},{"start":{"line":79,"column":8},"end":{"line":79,"column":8}}]},"7":{"line":80,"type":"if","locations":[{"start":{"line":80,"column":8},"end":{"line":80,"column":8}},{"start":{"line":80,"column":8},"end":{"line":80,"column":8}}]},"8":{"line":88,"type":"if","locations":[{"start":{"line":88,"column":8},"end":{"line":88,"column":8}},{"start":{"line":88,"column":8},"end":{"line":88,"column":8}}]},"9":{"line":90,"type":"if","locations":[{"start":{"line":90,"column":8},"end":{"line":90,"column":8}},{"start":{"line":90,"column":8},"end":{"line":90,"column":8}}]},"10":{"line":91,"type":"if","locations":[{"start":{"line":91,"column":8},"end":{"line":91,"column":8}},{"start":{"line":91,"column":8},"end":{"line":91,"column":8}}]},"11":{"line":92,"type":"if","locations":[{"start":{"line":92,"column":8},"end":{"line":92,"column":8}},{"start":{"line":92,"column":8},"end":{"line":92,"column":8}}]},"12":{"line":94,"type":"if","locations":[{"start":{"line":94,"column":8},"end":{"line":94,"column":8}},{"start":{"line":94,"column":8},"end":{"line":94,"column":8}}]},"13":{"line":95,"type":"if","locations":[{"start":{"line":95,"column":8},"end":{"line":95,"column":8}},{"start":{"line":95,"column":8},"end":{"line":95,"column":8}}]},"14":{"line":96,"type":"if","locations":[{"start":{"line":96,"column":8},"end":{"line":96,"column":8}},{"start":{"line":96,"column":8},"end":{"line":96,"column":8}}]},"15":{"line":115,"type":"if","locations":[{"start":{"line":115,"column":8},"end":{"line":115,"column":8}},{"start":{"line":115,"column":8},"end":{"line":115,"column":8}}]}}}}